Command line:
   task04_isim_beh.exe
     -simmode  gui
     -simrunnum  1
     -socket  45751

Tue Oct 19 17:38:39 2021


 Elaboration Time: 0.02 sec

 Current Memory Usage: 183.841 Meg

 Total Signals          : 26
 Total Nets             : 49
 Total Signal Drivers   : 12
 Total Blocks           : 4
 Total Primitive Blocks : 3
 Total Processes        : 17
 Total Traceable Variables  : 32
 Total Scalar Nets and Variables : 1192
Total Line Count : 75

 Total Simulation Time: 0.03 sec

 Current Memory Usage: 259.342 Meg

Tue Oct 19 17:38:55 2021

