Command line:
   checker_view_isim_beh.exe
     -simmode  gui
     -simrunnum  0
     -socket  57593

Tue Oct 26 17:37:04 2021


 Elaboration Time: 0.01 sec

 Current Memory Usage: 184.033 Meg

 Total Signals          : 112
 Total Nets             : 219
 Total Signal Drivers   : 47
 Total Blocks           : 15
 Total Primitive Blocks : 8
 Total Processes        : 68
 Total Traceable Variables  : 60
 Total Scalar Nets and Variables : 1292
Total Line Count : 278

 Total Simulation Time: 0.04 sec

 Current Memory Usage: 259.535 Meg

Tue Oct 26 17:39:28 2021

